<?xml version="1.0" encoding="UTF-8"?>
<testsuite xmlns:xsi="http://www.w3.org/2001/XMLSchema-instance" xsi:noNamespaceSchemaLocation="https://maven.apache.org/surefire/maven-surefire-plugin/xsd/surefire-test-report-3.0.xsd" version="3.0" name="com.dirtygang.factionsrecruit.TitleNormalizationTest" time="0.062" tests="18" errors="0" skipped="0" failures="0">
  <properties>
    <property name="java.specification.version" value="21"/>
    <property name="sun.jnu.encoding" value="UTF-8"/>
    <property name="java.class.path" value="/home/gnut/detrix/factionsrecruit/target/test-classes:/home/gnut/detrix/factionsrecruit/target/classes:/home/gnut/.m2/repository/org/spigotmc/spigot-api/1.21.5-R0.1-SNAPSHOT/spigot-api-1.21.5-R0.1-SNAPSHOT.jar:/home/gnut/.m2/repository/com/google/guava/guava/33.3.1-jre/guava-33.3.1-jre.jar:/home/gnut/.m2/repository/com/google/guava/failureaccess/1.0.2/failureaccess-1.0.2.jar:/home/gnut/.m2/repository/com/google/guava/listenablefuture/9999.0-empty-to-avoid-conflict-with-guava/listenablefuture-9999.0-empty-to-avoid-conflict-with-guava.jar:/home/gnut/.m2/repository/com/google/code/findbugs/jsr305/3.0.2/jsr305-3.0.2.jar:/home/gnut/.m2/repository/org/checkerframework/checker-qual/3.43.0/checker-qual-3.43.0.jar:/home/gnut/.m2/repository/com/google/errorprone/error_prone_annotations/2.28.0/error_prone_annotations-2.28.0.jar:/home/gnut/.m2/repository/com/google/j2objc/j2objc-annotations/3.0.0/j2objc-annotations-3.0.0.jar:/home/gnut/.m2/repository/com/google/code/gson/gson/2.11.0/gson-2.11.0.jar:/home/gnut/.m2/repository/org/joml/joml/1.10.8/joml-1.10.8.jar:/home/gnut/.m2/repository/net/md-5/bungeecord-chat/1.21-R0.2/bungeecord-chat-1.21-R0.2.jar:/home/gnut/.m2/repository/org/yaml/snakeyaml/2.2/snakeyaml-2.2.jar:/home/gnut/.m2/repository/mysql/mysql-connector-java/8.0.28/mysql-connector-java-8.0.28.jar:/home/gnut/.m2/repository/com/google/protobuf/protobuf-java/3.11.4/protobuf-java-3.11.4.jar:/home/gnut/.m2/repository/me/clip/placeholderapi/2.11.5/placeholderapi-2.11.5.jar:/home/gnut/.m2/repository/org/jetbrains/annotations/23.0.0/annotations-23.0.0.jar:/home/gnut/.m2/repository/org/bstats/bstats-bukkit/3.0.1/bstats-bukkit-3.0.1.jar:/home/gnut/.m2/repository/org/bstats/bstats-base/3.0.1/bstats-base-3.0.1.jar:/home/gnut/.m2/repository/net/kyori/adventure-platform-bukkit/4.3.1/adventure-platform-bukkit-4.3.1.jar:/home/gnut/.m2/repository/net/kyori/adventure-platform-api/4.3.1/adventure-platform-api-4.3.1.jar:/home/gnut/.m2/repository/net/kyori/adventure-api/4.13.1/adventure-api-4.13.1.jar:/home/gnut/.m2/repository/net/kyori/adventure-key/4.13.1/adventure-key-4.13.1.jar:/home/gnut/.m2/repository/net/kyori/adventure-text-serializer-bungeecord/4.3.1/adventure-text-serializer-bungeecord-4.3.1.jar:/home/gnut/.m2/repository/net/kyori/adventure-text-serializer-legacy/4.13.1/adventure-text-serializer-legacy-4.13.1.jar:/home/gnut/.m2/repository/net/kyori/adventure-nbt/4.13.1/adventure-nbt-4.13.1.jar:/home/gnut/.m2/repository/net/kyori/examination-api/1.3.0/examination-api-1.3.0.jar:/home/gnut/.m2/repository/net/kyori/examination-string/1.3.0/examination-string-1.3.0.jar:/home/gnut/.m2/repository/net/kyori/adventure-text-serializer-gson/4.13.1/adventure-text-serializer-gson-4.13.1.jar:/home/gnut/.m2/repository/net/kyori/adventure-text-serializer-gson-legacy-impl/4.13.1/adventure-text-serializer-gson-legacy-impl-4.13.1.jar:/home/gnut/.m2/repository/net/kyori/adventure-platform-facet/4.3.1/adventure-platform-facet-4.3.1.jar:/home/gnut/.m2/repository/net/kyori/adventure-platform-viaversion/4.3.1/adventure-platform-viaversion-4.3.1.jar:/home/gnut/.m2/repository/net/wesjd/anvilgui/1.10.8-SNAPSHOT/anvilgui-1.10.8-SNAPSHOT.jar:/home/gnut/.m2/repository/org/junit/jupiter/junit-jupiter-engine/5.9.2/junit-jupiter-engine-5.9.2.jar:/home/gnut/.m2/repository/org/junit/platform/junit-platform-engine/1.9.2/junit-platform-engine-1.9.2.jar:/home/gnut/.m2/repository/org/apiguardian/apiguardian-api/1.1.2/apiguardian-api-1.1.2.jar:/home/gnut/.m2/repository/org/junit/jupiter/junit-jupiter-api/5.9.2/junit-jupiter-api-5.9.2.jar:/home/gnut/.m2/repository/org/opentest4j/opentest4j/1.2.0/opentest4j-1.2.0.jar:/home/gnut/.m2/repository/org/junit/platform/junit-platform-commons/1.9.2/junit-platform-commons-1.9.2.jar:/home/gnut/.m2/repository/org/mockito/mockito-core/4.11.0/mockito-core-4.11.0.jar:/home/gnut/.m2/repository/net/bytebuddy/byte-buddy/1.12.19/byte-buddy-1.12.19.jar:/home/gnut/.m2/repository/net/bytebuddy/byte-buddy-agent/1.12.19/byte-buddy-agent-1.12.19.jar:/home/gnut/.m2/repository/org/objenesis/objenesis/3.3/objenesis-3.3.jar:"/>
    <property name="java.vm.vendor" value="Arch Linux"/>
    <property name="sun.arch.data.model" value="64"/>
    <property name="java.vendor.url" value="https://openjdk.org/"/>
    <property name="os.name" value="Linux"/>
    <property name="java.vm.specification.version" value="21"/>
    <property name="sun.java.launcher" value="SUN_STANDARD"/>
    <property name="user.country" value="US"/>
    <property name="sun.boot.library.path" value="/usr/lib/jvm/java-21-openjdk/lib"/>
    <property name="sun.java.command" value="/home/gnut/detrix/factionsrecruit/target/surefire/surefirebooter-20251002091424610_3.jar /home/gnut/detrix/factionsrecruit/target/surefire 2025-10-02T09-14-24_331-jvmRun1 surefire-20251002091424610_1tmp surefire_0-20251002091424610_2tmp"/>
    <property name="jdk.debug" value="release"/>
    <property name="surefire.test.class.path" value="/home/gnut/detrix/factionsrecruit/target/test-classes:/home/gnut/detrix/factionsrecruit/target/classes:/home/gnut/.m2/repository/org/spigotmc/spigot-api/1.21.5-R0.1-SNAPSHOT/spigot-api-1.21.5-R0.1-SNAPSHOT.jar:/home/gnut/.m2/repository/com/google/guava/guava/33.3.1-jre/guava-33.3.1-jre.jar:/home/gnut/.m2/repository/com/google/guava/failureaccess/1.0.2/failureaccess-1.0.2.jar:/home/gnut/.m2/repository/com/google/guava/listenablefuture/9999.0-empty-to-avoid-conflict-with-guava/listenablefuture-9999.0-empty-to-avoid-conflict-with-guava.jar:/home/gnut/.m2/repository/com/google/code/findbugs/jsr305/3.0.2/jsr305-3.0.2.jar:/home/gnut/.m2/repository/org/checkerframework/checker-qual/3.43.0/checker-qual-3.43.0.jar:/home/gnut/.m2/repository/com/google/errorprone/error_prone_annotations/2.28.0/error_prone_annotations-2.28.0.jar:/home/gnut/.m2/repository/com/google/j2objc/j2objc-annotations/3.0.0/j2objc-annotations-3.0.0.jar:/home/gnut/.m2/repository/com/google/code/gson/gson/2.11.0/gson-2.11.0.jar:/home/gnut/.m2/repository/org/joml/joml/1.10.8/joml-1.10.8.jar:/home/gnut/.m2/repository/net/md-5/bungeecord-chat/1.21-R0.2/bungeecord-chat-1.21-R0.2.jar:/home/gnut/.m2/repository/org/yaml/snakeyaml/2.2/snakeyaml-2.2.jar:/home/gnut/.m2/repository/mysql/mysql-connector-java/8.0.28/mysql-connector-java-8.0.28.jar:/home/gnut/.m2/repository/com/google/protobuf/protobuf-java/3.11.4/protobuf-java-3.11.4.jar:/home/gnut/.m2/repository/me/clip/placeholderapi/2.11.5/placeholderapi-2.11.5.jar:/home/gnut/.m2/repository/org/jetbrains/annotations/23.0.0/annotations-23.0.0.jar:/home/gnut/.m2/repository/org/bstats/bstats-bukkit/3.0.1/bstats-bukkit-3.0.1.jar:/home/gnut/.m2/repository/org/bstats/bstats-base/3.0.1/bstats-base-3.0.1.jar:/home/gnut/.m2/repository/net/kyori/adventure-platform-bukkit/4.3.1/adventure-platform-bukkit-4.3.1.jar:/home/gnut/.m2/repository/net/kyori/adventure-platform-api/4.3.1/adventure-platform-api-4.3.1.jar:/home/gnut/.m2/repository/net/kyori/adventure-api/4.13.1/adventure-api-4.13.1.jar:/home/gnut/.m2/repository/net/kyori/adventure-key/4.13.1/adventure-key-4.13.1.jar:/home/gnut/.m2/repository/net/kyori/adventure-text-serializer-bungeecord/4.3.1/adventure-text-serializer-bungeecord-4.3.1.jar:/home/gnut/.m2/repository/net/kyori/adventure-text-serializer-legacy/4.13.1/adventure-text-serializer-legacy-4.13.1.jar:/home/gnut/.m2/repository/net/kyori/adventure-nbt/4.13.1/adventure-nbt-4.13.1.jar:/home/gnut/.m2/repository/net/kyori/examination-api/1.3.0/examination-api-1.3.0.jar:/home/gnut/.m2/repository/net/kyori/examination-string/1.3.0/examination-string-1.3.0.jar:/home/gnut/.m2/repository/net/kyori/adventure-text-serializer-gson/4.13.1/adventure-text-serializer-gson-4.13.1.jar:/home/gnut/.m2/repository/net/kyori/adventure-text-serializer-gson-legacy-impl/4.13.1/adventure-text-serializer-gson-legacy-impl-4.13.1.jar:/home/gnut/.m2/repository/net/kyori/adventure-platform-facet/4.3.1/adventure-platform-facet-4.3.1.jar:/home/gnut/.m2/repository/net/kyori/adventure-platform-viaversion/4.3.1/adventure-platform-viaversion-4.3.1.jar:/home/gnut/.m2/repository/net/wesjd/anvilgui/1.10.8-SNAPSHOT/anvilgui-1.10.8-SNAPSHOT.jar:/home/gnut/.m2/repository/org/junit/jupiter/junit-jupiter-engine/5.9.2/junit-jupiter-engine-5.9.2.jar:/home/gnut/.m2/repository/org/junit/platform/junit-platform-engine/1.9.2/junit-platform-engine-1.9.2.jar:/home/gnut/.m2/repository/org/apiguardian/apiguardian-api/1.1.2/apiguardian-api-1.1.2.jar:/home/gnut/.m2/repository/org/junit/jupiter/junit-jupiter-api/5.9.2/junit-jupiter-api-5.9.2.jar:/home/gnut/.m2/repository/org/opentest4j/opentest4j/1.2.0/opentest4j-1.2.0.jar:/home/gnut/.m2/repository/org/junit/platform/junit-platform-commons/1.9.2/junit-platform-commons-1.9.2.jar:/home/gnut/.m2/repository/org/mockito/mockito-core/4.11.0/mockito-core-4.11.0.jar:/home/gnut/.m2/repository/net/bytebuddy/byte-buddy/1.12.19/byte-buddy-1.12.19.jar:/home/gnut/.m2/repository/net/bytebuddy/byte-buddy-agent/1.12.19/byte-buddy-agent-1.12.19.jar:/home/gnut/.m2/repository/org/objenesis/objenesis/3.3/objenesis-3.3.jar:"/>
    <property name="sun.cpu.endian" value="little"/>
    <property name="user.home" value="/home/gnut"/>
    <property name="user.language" value="en"/>
    <property name="java.specification.vendor" value="Oracle Corporation"/>
    <property name="java.version.date" value="2025-07-15"/>
    <property name="java.home" value="/usr/lib/jvm/java-21-openjdk"/>
    <property name="file.separator" value="/"/>
    <property name="basedir" value="/home/gnut/detrix/factionsrecruit"/>
    <property name="java.vm.compressedOopsMode" value="32-bit"/>
    <property name="line.separator" value="&#10;"/>
    <property name="java.specification.name" value="Java Platform API Specification"/>
    <property name="java.vm.specification.vendor" value="Oracle Corporation"/>
    <property name="surefire.real.class.path" value="/home/gnut/detrix/factionsrecruit/target/surefire/surefirebooter-20251002091424610_3.jar"/>
    <property name="sun.management.compiler" value="HotSpot 64-Bit Tiered Compilers"/>
    <property name="java.runtime.version" value="21.0.8+9"/>
    <property name="user.name" value="gnut"/>
    <property name="stdout.encoding" value="UTF-8"/>
    <property name="path.separator" value=":"/>
    <property name="os.version" value="6.16.8-arch3-1"/>
    <property name="java.runtime.name" value="OpenJDK Runtime Environment"/>
    <property name="file.encoding" value="UTF-8"/>
    <property name="java.vm.name" value="OpenJDK 64-Bit Server VM"/>
    <property name="localRepository" value="/home/gnut/.m2/repository"/>
    <property name="java.vendor.url.bug" value="https://bugreport.java.com/bugreport/"/>
    <property name="java.io.tmpdir" value="/tmp"/>
    <property name="java.version" value="21.0.8"/>
    <property name="user.dir" value="/home/gnut/detrix/factionsrecruit"/>
    <property name="os.arch" value="amd64"/>
    <property name="java.vm.specification.name" value="Java Virtual Machine Specification"/>
    <property name="native.encoding" value="UTF-8"/>
    <property name="java.library.path" value="/usr/java/packages/lib:/usr/lib64:/lib64:/lib:/usr/lib"/>
    <property name="java.vm.info" value="mixed mode, sharing"/>
    <property name="stderr.encoding" value="UTF-8"/>
    <property name="java.vendor" value="Arch Linux"/>
    <property name="java.vm.version" value="21.0.8+9"/>
    <property name="sun.io.unicode.encoding" value="UnicodeLittle"/>
    <property name="java.class.version" value="65.0"/>
  </properties>
  <testcase name="testSmallCapsConversionMixed" classname="com.dirtygang.factionsrecruit.TitleNormalizationTest" time="0.002"/>
  <testcase name="testCaseInsensitiveMatching" classname="com.dirtygang.factionsrecruit.TitleNormalizationTest" time="0.002"/>
  <testcase name="testTitleNormalizationPlainText" classname="com.dirtygang.factionsrecruit.TitleNormalizationTest" time="0.001"/>
  <testcase name="testTitleNormalizationNull" classname="com.dirtygang.factionsrecruit.TitleNormalizationTest" time="0.001"/>
  <testcase name="testTitleMatchingPipeline" classname="com.dirtygang.factionsrecruit.TitleNormalizationTest" time="0.001"/>
  <testcase name="testFactionSpecificTitles" classname="com.dirtygang.factionsrecruit.TitleNormalizationTest" time="0.001"/>
  <testcase name="testSpecialCharacterHandling" classname="com.dirtygang.factionsrecruit.TitleNormalizationTest" time="0.001"/>
  <testcase name="testTitleNormalizationPerformance" classname="com.dirtygang.factionsrecruit.TitleNormalizationTest" time="0.031"/>
  <testcase name="testSmallCapsToNormalConversion" classname="com.dirtygang.factionsrecruit.TitleNormalizationTest" time="0.002"/>
  <testcase name="testTitleNormalizationWhitespace" classname="com.dirtygang.factionsrecruit.TitleNormalizationTest" time="0.001"/>
  <testcase name="testSmallCapsConversionEdgeCases" classname="com.dirtygang.factionsrecruit.TitleNormalizationTest" time="0.001"/>
  <testcase name="testCommonGUITitles" classname="com.dirtygang.factionsrecruit.TitleNormalizationTest" time="0.001"/>
  <testcase name="testTitleNormalizationEmpty" classname="com.dirtygang.factionsrecruit.TitleNormalizationTest" time="0.001"/>
  <testcase name="testServerTitleNormalizationComplex" classname="com.dirtygang.factionsrecruit.TitleNormalizationTest" time="0.001"/>
  <testcase name="testServerTitleNormalizationArrows" classname="com.dirtygang.factionsrecruit.TitleNormalizationTest" time="0"/>
  <testcase name="testGradientColorStripping" classname="com.dirtygang.factionsrecruit.TitleNormalizationTest" time="0"/>
  <testcase name="testPlayerSpecificTitles" classname="com.dirtygang.factionsrecruit.TitleNormalizationTest" time="0.001"/>
  <testcase name="testColorStripping" classname="com.dirtygang.factionsrecruit.TitleNormalizationTest" time="0.001"/>
</testsuite>